<?xml version="1.0" encoding="UTF-8"?>
<!-- Generated by org.testng.reporters.JUnitReportReporter -->
<testsuite hostname="DESKTOP-IORSF4Q" failures="0" tests="3" name="testcases.SimplilearnLoginTest" time="41.429" errors="0" timestamp="2022-09-11T10:58:54 IST" skipped="0">
  <testcase classname="testcases.SimplilearnLoginTest" name="Test3" time="12.247"/>
  <system-out/>
  <testcase classname="testcases.SimplilearnLoginTest" name="Test1" time="14.118"/>
  <system-out/>
  <testcase classname="testcases.SimplilearnLoginTest" name="Test2" time="15.064"/>
  <system-out/>
</testsuite> <!-- testcases.SimplilearnLoginTest -->
