<?xml version="1.0" encoding="UTF-8"?>
<!-- Generated by org.testng.reporters.JUnitReportReporter -->
<testsuite hostname="DESKTOP-IORSF4Q" failures="0" tests="1" name="testcases.HomeTest" time="5.626" errors="0" timestamp="2022-09-11T10:58:54 IST" skipped="0">
  <testcase classname="testcases.HomeTest" name="Test1" time="5.626"/>
  <system-out/>
</testsuite> <!-- testcases.HomeTest -->
