<?xml version="1.0" encoding="UTF-8"?>
<!-- Generated by org.testng.reporters.JUnitReportReporter -->
<testsuite skipped="0" hostname="DESKTOP-IORSF4Q" name="testcases.HomeTest" tests="1" failures="0" timestamp="2022-09-10T13:08:07 IST" time="5.880" errors="0">
  <testcase name="Test1" time="5.880" classname="testcases.HomeTest"/>
  <system-out/>
</testsuite> <!-- testcases.HomeTest -->
