<?xml version="1.0" encoding="UTF-8"?>
<!-- Generated by org.testng.reporters.JUnitReportReporter -->
<testsuite skipped="0" hostname="DESKTOP-IORSF4Q" name="testcases.SimplilearnLoginTest" tests="3" failures="0" timestamp="2022-09-18T12:06:46 IST" time="32.369" errors="0">
  <testcase name="Test1" time="11.511" classname="testcases.SimplilearnLoginTest"/>
  <system-out/>
  <testcase name="Test3" time="10.493" classname="testcases.SimplilearnLoginTest"/>
  <system-out/>
  <testcase name="Test2" time="10.365" classname="testcases.SimplilearnLoginTest"/>
  <system-out/>
</testsuite> <!-- testcases.SimplilearnLoginTest -->
