<?xml version="1.0" encoding="UTF-8"?>
<!-- Generated by org.testng.reporters.JUnitReportReporter -->
<testsuite skipped="0" hostname="DESKTOP-IORSF4Q" name="testcases.SimplilearnLoginTest" tests="2" failures="0" timestamp="2022-09-10T13:08:07 IST" time="23.291" errors="0">
  <testcase name="Test2" time="10.695" classname="testcases.SimplilearnLoginTest"/>
  <system-out/>
  <testcase name="Test1" time="12.596" classname="testcases.SimplilearnLoginTest"/>
  <system-out/>
</testsuite> <!-- testcases.SimplilearnLoginTest -->
